{
  "stats": {
    "suites": 0,
    "tests": 1,
    "passes": 0,
    "pending": 0,
    "failures": 1,
    "start": "2023-01-23T07:50:35.545Z",
    "end": "2023-01-23T07:50:36.115Z",
    "duration": 570,
    "testsRegistered": 1,
    "passPercent": 0,
    "pendingPercent": 0,
    "other": 0,
    "hasOther": false,
    "skipped": 0,
    "hasSkipped": false
  },
  "results": [
    {
      "uuid": "22917698-3360-4437-938b-b22be34977fa",
      "title": "",
      "fullFile": "cypress\\e2e\\Alert.cy.js",
      "file": "cypress\\e2e\\Alert.cy.js",
      "beforeHooks": [],
      "afterHooks": [],
      "tests": [
        {
          "title": "An uncaught error was detected outside of a test",
          "fullTitle": "An uncaught error was detected outside of a test",
          "timedOut": null,
          "duration": 548,
          "state": "failed",
          "speed": null,
          "pass": false,
          "fail": true,
          "pending": false,
          "context": null,
          "code": "throw err;",
          "err": {
            "message": "TypeError: The \"path\" argument must be of type string. Received type boolean (false)",
            "estack": "TypeError: The \"path\" argument must be of type string. Received type boolean (false)\nTypeError [ERR_INVALID_ARG_TYPE]: The \"path\" argument must be of type string. Received type boolean (false)\n    at new NodeError (node:internal/errors:372:5)\n    at validateString (node:internal/validators:120:11)\n    at Object.join (node:path:429:7)\n    at B (<embedded>:4494:295206)\n    at <embedded>:4494:297086\n    at Object.save (<embedded>:4494:297107)\n    at <embedded>:4494:298265\n    at tryCatcher (C:\\Users\\2017c\\AppData\\Local\\Cypress\\Cache\\12.3.0\\Cypress\\resources\\app\\node_modules\\bluebird\\js\\release\\util.js:16:23)\n    at Promise._settlePromiseFromHandler (C:\\Users\\2017c\\AppData\\Local\\Cypress\\Cache\\12.3.0\\Cypress\\resources\\app\\node_modules\\bluebird\\js\\release\\promise.js:512:31)\n    at Promise._settlePromise (C:\\Users\\2017c\\AppData\\Local\\Cypress\\Cache\\12.3.0\\Cypress\\resources\\app\\node_modules\\bluebird\\js\\release\\promise.js:569:18)\n    at Promise._settlePromise0 (C:\\Users\\2017c\\AppData\\Local\\Cypress\\Cache\\12.3.0\\Cypress\\resources\\app\\node_modules\\bluebird\\js\\release\\promise.js:614:10)\n    at Promise._settlePromises (C:\\Users\\2017c\\AppData\\Local\\Cypress\\Cache\\12.3.0\\Cypress\\resources\\app\\node_modules\\bluebird\\js\\release\\promise.js:694:18)\n    at _drainQueueStep (C:\\Users\\2017c\\AppData\\Local\\Cypress\\Cache\\12.3.0\\Cypress\\resources\\app\\node_modules\\bluebird\\js\\release\\async.js:138:12)\n    at _drainQueue (C:\\Users\\2017c\\AppData\\Local\\Cypress\\Cache\\12.3.0\\Cypress\\resources\\app\\node_modules\\bluebird\\js\\release\\async.js:131:9)\n    at Async._drainQueues (C:\\Users\\2017c\\AppData\\Local\\Cypress\\Cache\\12.3.0\\Cypress\\resources\\app\\node_modules\\bluebird\\js\\release\\async.js:147:5)\n    at Immediate._onImmediate (C:\\Users\\2017c\\AppData\\Local\\Cypress\\Cache\\12.3.0\\Cypress\\resources\\app\\node_modules\\bluebird\\js\\release\\async.js:17:14)\n    at process.processImmediate (node:internal/timers:466:21)",
            "diff": null
          },
          "uuid": "d2d417cb-cb37-42af-8dfa-59acb9cead61",
          "parentUUID": "22917698-3360-4437-938b-b22be34977fa",
          "isHook": false,
          "skipped": false
        }
      ],
      "suites": [],
      "passes": [],
      "failures": [
        "d2d417cb-cb37-42af-8dfa-59acb9cead61"
      ],
      "pending": [],
      "skipped": [],
      "duration": 548,
      "root": true,
      "rootEmpty": false,
      "_timeout": 2000
    }
  ],
  "meta": {
    "mocha": {
      "version": "7.0.1"
    },
    "mochawesome": {
      "options": {
        "quiet": false,
        "reportFilename": "mochawesome",
        "saveHtml": false,
        "saveJson": true,
        "consoleReporter": "spec",
        "useInlineDiffs": false,
        "code": true
      },
      "version": "7.1.3"
    },
    "marge": {
      "options": {
        "charts": true,
        "reportPageTitle": "Haider-Report",
        "embeddedScreenshots": true,
        "inlineAssets": true,
        "showPassed": false,
        "saveAllAttempts": false,
        "overwrite": false,
        "html": false,
        "json": true,
        "reportDir": "cypress\\reports\\html\\.jsons"
      },
      "version": "6.2.0"
    }
  }
}